2018-01-28 22:54:26,522 Instabot Started
2018-01-28 22:54:29,409 Login success as ilya_lix86!
2018-01-28 22:55:00,059 Bot stopped. Worked: 0:00:33.536214
2018-01-28 22:55:00,059 Total requests: 7
2018-01-28 22:55:50,302 Instabot Started
2018-01-28 22:55:53,606 Login success as ilya_lix86!
2018-01-28 22:56:15,659 Bot stopped. Worked: 0:01:49.136372
2018-01-28 22:56:15,660 Total requests: 11
2018-01-28 22:56:57,904 Instabot Started
2018-01-28 22:57:00,966 Login success as ilya_lix86!
2018-01-28 22:57:10,547 Bot stopped. Worked: 0:02:44.024460
2018-01-28 22:57:10,548 Total requests: 15
2018-01-28 22:58:10,603 Instabot Started
2018-01-28 22:58:12,329 Login success as ilya_lix86!
2018-01-28 22:58:37,701 Bot stopped. Worked: 0:04:11.178341
2018-01-28 22:58:37,702 Total requests: 19
2018-01-28 22:59:46,551 Instabot Started
2018-01-28 22:59:52,800 Login success as ilya_lix86!
2018-01-28 23:00:00,012 Bot stopped. Worked: 0:05:33.489882
2018-01-28 23:00:00,014 Total followed: 1
2018-01-28 23:00:00,015 Total requests: 24
2018-01-28 23:51:48,427 Instabot Started
2018-01-31 22:17:48,720 Instabot Started
2018-01-31 22:18:55,090 Instabot Started
2018-01-31 22:21:16,353 Instabot Started
2018-01-31 22:22:03,105 Instabot Started
2018-01-31 22:37:52,868 Instabot Started
2018-01-31 22:44:09,238 Instabot Started
2018-01-31 22:45:37,367 Instabot Started
2018-01-31 23:05:08,613 Instabot Started
2018-01-31 23:08:10,913 Instabot Started
2018-01-31 23:15:47,922 Instabot Started
2018-01-31 23:17:20,680 Instabot Started
2018-01-31 23:29:12,526 Instabot Started
2018-01-31 23:30:53,515 Instabot Started
2018-02-07 20:35:20,135 Instabot Started
2018-02-07 20:35:21,696 Login success as ilya_lix86!
2018-02-07 20:35:29,078 Bot stopped. Worked: 0:00:08.942371
2018-02-07 20:35:29,079 Total requests: 7
2018-02-07 20:39:04,347 Instabot Started
2018-02-07 20:39:05,559 Login success as ilya_lix86!
2018-02-07 20:39:12,086 Bot stopped. Worked: 0:03:51.950074
2018-02-07 20:39:12,087 Total requests: 11
2018-02-07 20:39:53,996 Instabot Started
2018-02-07 20:39:55,572 Login success as ilya_lix86!
2018-02-07 20:40:01,152 Bot stopped. Worked: 0:04:41.016595
2018-02-07 20:40:01,153 Total requests: 15
2018-02-07 20:42:11,721 Instabot Started
2018-02-07 20:42:13,385 Login success as ilya_lix86!
2018-02-07 20:42:14,984 Bot stopped. Worked: 0:06:54.848564
2018-02-07 20:42:14,985 Total requests: 16
2018-02-07 20:44:59,539 Instabot Started
2018-02-07 20:45:01,164 Login success as ilya_lix86!
2018-02-07 20:45:02,461 Bot stopped. Worked: 0:09:42.325420
2018-02-07 20:45:02,463 Total requests: 17
2018-02-07 20:45:45,964 Instabot Started
2018-02-07 20:45:47,635 Request return 400 error!
2018-02-07 20:45:47,636 Instagram error message: The password you entered is incorrect. Please try again.
2018-02-07 20:45:47,639 Error type: bad_password
2018-02-07 20:45:47,641 Login or password is incorrect.
2018-02-07 20:46:07,842 Instabot Started
2018-02-07 20:46:09,368 Login success as ilya_lix86!
2018-02-07 20:46:10,233 Bot stopped. Worked: 0:10:50.097802
2018-02-07 20:46:10,235 Total requests: 18
2018-02-07 20:46:54,585 Instabot Started
2018-02-07 20:46:56,410 Login success as ilya_lix86!
2018-02-07 20:46:57,313 Bot stopped. Worked: 0:11:37.176857
2018-02-07 20:46:57,314 Total requests: 19
2018-02-07 20:48:34,166 Instabot Started
2018-02-07 20:48:35,484 Login success as ilya_lix86!
2018-02-07 20:48:37,370 Bot stopped. Worked: 0:13:17.234514
2018-02-07 20:48:37,372 Total requests: 20
2018-02-07 20:51:08,886 Instabot Started
2018-02-07 20:51:10,448 Login success as ilya_lix86!
2018-02-07 20:51:15,995 Bot stopped. Worked: 0:15:55.859463
2018-02-07 20:51:15,996 Total requests: 24
2018-02-07 20:52:28,289 Instabot Started
2018-02-07 20:52:29,798 Login success as ilya_lix86!
2018-02-07 20:52:36,637 Bot stopped. Worked: 0:17:16.501659
2018-02-07 20:52:36,638 Total followed: 1
2018-02-07 20:52:36,638 Total requests: 29
2018-02-07 21:45:44,354 Instabot Started
2018-02-07 21:45:45,878 Login success as ilya_lix86!
2018-02-07 21:45:53,649 Bot stopped. Worked: 1:10:33.513525
2018-02-07 21:45:53,650 Total followed: 2
2018-02-07 21:45:53,650 Total requests: 34
2018-02-07 22:09:22,468 Instabot Started
2018-02-07 22:09:23,523 Request return 400 error!
2018-02-07 22:09:23,524 Instagram error message: To secure your account, we've reset your password. Tap "Get help signing in" on the login screen and follow the instructions to access your account.
2018-02-07 22:09:23,525 Error type: unusable_password
2018-02-07 22:09:23,526 Login or password is incorrect.
2018-02-08 21:42:50,683 Instabot Started
2018-02-08 21:42:52,315 Login success as ilya_lix86!
2018-02-08 21:42:57,851 Bot stopped. Worked: 0:00:01.226827
2018-02-08 21:42:57,853 Total followed: 1
2018-02-08 21:42:57,854 Total requests: 39
2018-02-08 21:47:12,149 Instabot Started
2018-02-08 21:47:14,152 Request return 400 error!
2018-02-08 21:47:14,155 Instagram error message: The password you entered is incorrect. Please try again.
2018-02-08 21:47:14,157 Error type: bad_password
2018-02-08 21:47:14,158 Login or password is incorrect.
2018-02-08 21:47:53,341 Instabot Started
2018-02-08 21:47:54,943 Login success as ilya_lix86!
2018-02-08 21:47:55,349 Going to follow 9 users.
2018-02-08 21:47:59,904 Request return 404 error!
2018-02-08 21:48:03,329 Request return 404 error!
2018-02-08 21:48:13,638 Request return 404 error!
2018-02-08 21:48:13,642 DONE: Total followed 1 users.
2018-02-08 21:48:14,079 Bot stopped. Worked: 0:05:17.454617
2018-02-08 21:48:14,080 Total followed: 1
2018-02-08 21:48:14,080 Total requests: 47
2018-02-08 21:50:20,634 Instabot Started
2018-02-08 21:50:21,899 Login success as ilya_lix86!
2018-02-08 21:50:22,291 Going to follow 10 users.
2018-02-08 21:50:27,356 Request return 404 error!
2018-02-08 21:50:30,387 Request return 404 error!
2018-02-08 21:50:37,331 Request return 404 error!
2018-02-08 21:50:37,335 DONE: Total followed 1 users.
2018-02-08 21:50:38,003 Bot stopped. Worked: 0:07:41.379104
2018-02-08 21:50:38,004 Total followed: 1
2018-02-08 21:50:38,005 Total requests: 54
2018-02-08 21:52:13,739 Instabot Started
2018-02-08 21:52:15,222 Login success as ilya_lix86!
2018-02-08 21:52:15,582 Going to follow 10 users.
2018-02-08 21:52:24,111 Request return 404 error!
2018-02-08 21:52:24,115 DONE: Total followed 1 users.
2018-02-08 21:52:24,563 Bot stopped. Worked: 0:09:27.938797
2018-02-08 21:52:24,564 Total followed: 1
2018-02-08 21:52:24,566 Total requests: 59
2018-02-08 21:54:06,551 Instabot Started
2018-02-08 21:54:07,906 Login success as ilya_lix86!
2018-02-08 21:54:08,260 Going to follow 10 users.
2018-02-08 21:54:16,632 Request return 404 error!
2018-02-08 21:54:16,635 DONE: Total followed 1 users.
2018-02-08 21:54:17,085 Bot stopped. Worked: 0:11:20.461141
2018-02-08 21:54:17,087 Total followed: 1
2018-02-08 21:54:17,087 Total requests: 64
2018-02-08 21:56:11,516 Instabot Started
2018-02-08 21:56:13,933 Login success as ilya_lix86!
2018-02-08 21:56:14,365 Follow followers of: 243174371
2018-02-08 21:56:18,491 Going to follow 7458 users.
2018-02-08 22:29:17,392 Bot stopped. Worked: 0:46:20.768091
2018-02-08 22:29:17,471 Total followed: 67
2018-02-08 22:29:17,472 Total requests: 345
